dic 26, 2023 6:30:50 P. M. DeustoAcademy.Academy$1 run
DETALLADO: INICIA EL PROGRAMA
dic 26, 2023 6:30:50 P. M. sun.awt.windows.WDesktopProperties setIntegerProperty
DETALLADO: win.properties.version=3
dic 26, 2023 6:30:50 P. M. sun.awt.windows.WDesktopProperties setFontProperty
DETALLADO: win.frame.captionFont=java.awt.Font[family=Segoe UI,name=Segoe UI,style=plain,size=12]
dic 26, 2023 6:30:50 P. M. sun.awt.windows.WDesktopProperties setFontProperty
DETALLADO: win.frame.captionFont.height=12
dic 26, 2023 6:30:50 P. M. sun.awt.windows.WDesktopProperties setIntegerProperty
DETALLADO: win.frame.captionHeight=22
dic 26, 2023 6:30:50 P. M. sun.awt.windows.WDesktopProperties setIntegerProperty
DETALLADO: win.frame.captionButtonWidth=36
dic 26, 2023 6:30:50 P. M. sun.awt.windows.WDesktopProperties setIntegerProperty
DETALLADO: win.frame.captionButtonHeight=22
dic 26, 2023 6:30:50 P. M. sun.awt.windows.WDesktopProperties setFontProperty
DETALLADO: win.frame.smallCaptionFont=java.awt.Font[family=Segoe UI,name=Segoe UI,style=plain,size=12]
dic 26, 2023 6:30:50 P. M. sun.awt.windows.WDesktopProperties setFontProperty
DETALLADO: win.frame.smallCaptionFont.height=12
dic 26, 2023 6:30:50 P. M. sun.awt.windows.WDesktopProperties setIntegerProperty
DETALLADO: win.frame.smallCaptionHeight=22
dic 26, 2023 6:30:50 P. M. sun.awt.windows.WDesktopProperties setIntegerProperty
DETALLADO: win.frame.smallCaptionButtonWidth=22
dic 26, 2023 6:30:50 P. M. sun.awt.windows.WDesktopProperties setIntegerProperty
DETALLADO: win.frame.smallCaptionButtonHeight=22
dic 26, 2023 6:30:50 P. M. sun.awt.windows.WDesktopProperties setIntegerProperty
DETALLADO: win.frame.sizingBorderWidth=1
dic 26, 2023 6:30:50 P. M. sun.awt.windows.WDesktopProperties setFontProperty
DETALLADO: win.menu.font=java.awt.Font[family=Segoe UI,name=Segoe UI,style=plain,size=12]
dic 26, 2023 6:30:50 P. M. sun.awt.windows.WDesktopProperties setFontProperty
DETALLADO: win.menu.font.height=12
dic 26, 2023 6:30:50 P. M. sun.awt.windows.WDesktopProperties setIntegerProperty
DETALLADO: win.menu.height=19
dic 26, 2023 6:30:50 P. M. sun.awt.windows.WDesktopProperties setIntegerProperty
DETALLADO: win.menu.buttonWidth=19
dic 26, 2023 6:30:50 P. M. sun.awt.windows.WDesktopProperties setIntegerProperty
DETALLADO: win.scrollbar.width=17
dic 26, 2023 6:30:50 P. M. sun.awt.windows.WDesktopProperties setIntegerProperty
DETALLADO: win.scrollbar.height=17
dic 26, 2023 6:30:50 P. M. sun.awt.windows.WDesktopProperties setFontProperty
DETALLADO: win.status.font=java.awt.Font[family=Segoe UI,name=Segoe UI,style=plain,size=12]
dic 26, 2023 6:30:50 P. M. sun.awt.windows.WDesktopProperties setFontProperty
DETALLADO: win.status.font.height=12
dic 26, 2023 6:30:50 P. M. sun.awt.windows.WDesktopProperties setFontProperty
DETALLADO: win.tooltip.font=java.awt.Font[family=Segoe UI,name=Segoe UI,style=plain,size=12]
dic 26, 2023 6:30:50 P. M. sun.awt.windows.WDesktopProperties setFontProperty
DETALLADO: win.tooltip.font.height=12
dic 26, 2023 6:30:50 P. M. sun.awt.windows.WDesktopProperties setFontProperty
DETALLADO: win.messagebox.font=java.awt.Font[family=Segoe UI,name=Segoe UI,style=plain,size=12]
dic 26, 2023 6:30:50 P. M. sun.awt.windows.WDesktopProperties setFontProperty
DETALLADO: win.messagebox.font.height=12
dic 26, 2023 6:30:50 P. M. sun.awt.windows.WDesktopProperties setIntegerProperty
DETALLADO: win.icon.hspacing=93
dic 26, 2023 6:30:50 P. M. sun.awt.windows.WDesktopProperties setIntegerProperty
DETALLADO: win.icon.vspacing=93
dic 26, 2023 6:30:50 P. M. sun.awt.windows.WDesktopProperties setBooleanProperty
DETALLADO: win.icon.titleWrappingOn=true
dic 26, 2023 6:30:50 P. M. sun.awt.windows.WDesktopProperties setFontProperty
DETALLADO: win.icon.font=java.awt.Font[family=Segoe UI,name=Segoe UI,style=plain,size=12]
dic 26, 2023 6:30:50 P. M. sun.awt.windows.WDesktopProperties setFontProperty
DETALLADO: win.icon.font.height=12
dic 26, 2023 6:30:50 P. M. sun.awt.windows.WDesktopProperties setColorProperty
DETALLADO: win.frame.activeCaptionGradientColor=java.awt.Color[r=185,g=209,b=234]
dic 26, 2023 6:30:50 P. M. sun.awt.windows.WDesktopProperties setColorProperty
DETALLADO: win.frame.inactiveCaptionGradientColor=java.awt.Color[r=215,g=228,b=242]
dic 26, 2023 6:30:50 P. M. sun.awt.windows.WDesktopProperties setColorProperty
DETALLADO: win.item.hotTrackedColor=java.awt.Color[r=0,g=102,b=204]
dic 26, 2023 6:30:50 P. M. sun.awt.windows.WDesktopProperties setColorProperty
DETALLADO: win.3d.darkShadowColor=java.awt.Color[r=105,g=105,b=105]
dic 26, 2023 6:30:50 P. M. sun.awt.windows.WDesktopProperties setColorProperty
DETALLADO: win.3d.backgroundColor=java.awt.Color[r=240,g=240,b=240]
dic 26, 2023 6:30:50 P. M. sun.awt.windows.WDesktopProperties setColorProperty
DETALLADO: win.3d.highlightColor=java.awt.Color[r=255,g=255,b=255]
dic 26, 2023 6:30:50 P. M. sun.awt.windows.WDesktopProperties setColorProperty
DETALLADO: win.3d.lightColor=java.awt.Color[r=227,g=227,b=227]
dic 26, 2023 6:30:50 P. M. sun.awt.windows.WDesktopProperties setColorProperty
DETALLADO: win.3d.shadowColor=java.awt.Color[r=160,g=160,b=160]
dic 26, 2023 6:30:50 P. M. sun.awt.windows.WDesktopProperties setColorProperty
DETALLADO: win.button.textColor=java.awt.Color[r=0,g=0,b=0]
dic 26, 2023 6:30:50 P. M. sun.awt.windows.WDesktopProperties setColorProperty
DETALLADO: win.desktop.backgroundColor=java.awt.Color[r=0,g=0,b=0]
dic 26, 2023 6:30:50 P. M. sun.awt.windows.WDesktopProperties setColorProperty
DETALLADO: win.frame.activeCaptionColor=java.awt.Color[r=153,g=180,b=209]
dic 26, 2023 6:30:50 P. M. sun.awt.windows.WDesktopProperties setColorProperty
DETALLADO: win.frame.activeBorderColor=java.awt.Color[r=180,g=180,b=180]
dic 26, 2023 6:30:50 P. M. sun.awt.windows.WDesktopProperties setColorProperty
DETALLADO: win.frame.color=java.awt.Color[r=100,g=100,b=100]
dic 26, 2023 6:30:50 P. M. sun.awt.windows.WDesktopProperties setColorProperty
DETALLADO: win.frame.backgroundColor=java.awt.Color[r=255,g=255,b=255]
dic 26, 2023 6:30:50 P. M. sun.awt.windows.WDesktopProperties setColorProperty
DETALLADO: win.frame.captionTextColor=java.awt.Color[r=0,g=0,b=0]
dic 26, 2023 6:30:50 P. M. sun.awt.windows.WDesktopProperties setColorProperty
DETALLADO: win.frame.inactiveBorderColor=java.awt.Color[r=244,g=247,b=252]
dic 26, 2023 6:30:50 P. M. sun.awt.windows.WDesktopProperties setColorProperty
DETALLADO: win.frame.inactiveCaptionColor=java.awt.Color[r=191,g=205,b=219]
dic 26, 2023 6:30:50 P. M. sun.awt.windows.WDesktopProperties setColorProperty
DETALLADO: win.frame.inactiveCaptionTextColor=java.awt.Color[r=0,g=0,b=0]
dic 26, 2023 6:30:50 P. M. sun.awt.windows.WDesktopProperties setColorProperty
DETALLADO: win.frame.textColor=java.awt.Color[r=0,g=0,b=0]
dic 26, 2023 6:30:50 P. M. sun.awt.windows.WDesktopProperties setColorProperty
DETALLADO: win.item.highlightColor=java.awt.Color[r=0,g=120,b=215]
dic 26, 2023 6:30:50 P. M. sun.awt.windows.WDesktopProperties setColorProperty
DETALLADO: win.item.highlightTextColor=java.awt.Color[r=255,g=255,b=255]
dic 26, 2023 6:30:50 P. M. sun.awt.windows.WDesktopProperties setColorProperty
DETALLADO: win.mdi.backgroundColor=java.awt.Color[r=171,g=171,b=171]
dic 26, 2023 6:30:50 P. M. sun.awt.windows.WDesktopProperties setColorProperty
DETALLADO: win.menu.backgroundColor=java.awt.Color[r=240,g=240,b=240]
dic 26, 2023 6:30:50 P. M. sun.awt.windows.WDesktopProperties setColorProperty
DETALLADO: win.menu.textColor=java.awt.Color[r=0,g=0,b=0]
dic 26, 2023 6:30:50 P. M. sun.awt.windows.WDesktopProperties setColorProperty
DETALLADO: win.menubar.backgroundColor=java.awt.Color[r=240,g=240,b=240]
dic 26, 2023 6:30:50 P. M. sun.awt.windows.WDesktopProperties setColorProperty
DETALLADO: win.scrollbar.backgroundColor=java.awt.Color[r=200,g=200,b=200]
dic 26, 2023 6:30:50 P. M. sun.awt.windows.WDesktopProperties setColorProperty
DETALLADO: win.text.grayedTextColor=java.awt.Color[r=109,g=109,b=109]
dic 26, 2023 6:30:50 P. M. sun.awt.windows.WDesktopProperties setColorProperty
DETALLADO: win.toolt